0 info it worked if it ends with ok
1 verbose cli [ 'C:\\Program Files\\nodejs\\node.exe',
1 verbose cli   'C:\\ProgramData\\chocolatey\\lib\\npm\\tools\\node_modules\\npm\\bin\\npm-cli.js',
1 verbose cli   'init' ]
2 info using npm@1.4.9
3 info using node@v7.3.0
4 silly package data undefined
5 info init written successfully
6 error Error: canceled
6 error     at Interface.<anonymous> (C:\ProgramData\chocolatey\lib\npm\tools\node_modules\npm\node_modules\read\lib\read.js:66:13)
6 error     at emitNone (events.js:86:13)
6 error     at Interface.emit (events.js:185:7)
6 error     at Interface._ttyWrite (readline.js:734:16)
6 error     at ReadStream.onkeypress (readline.js:126:10)
6 error     at emitTwo (events.js:106:13)
6 error     at ReadStream.emit (events.js:191:7)
6 error     at emitKeys (internal/readline.js:403:14)
6 error     at emitKeys.next (<anonymous>)
6 error     at ReadStream.onData (readline.js:981:36)
7 error If you need help, you may report this *entire* log,
7 error including the npm and node versions, at:
7 error     <http://github.com/npm/npm/issues>
8 error System Windows_NT 6.1.7601
9 error command "C:\\Program Files\\nodejs\\node.exe" "C:\\ProgramData\\chocolatey\\lib\\npm\\tools\\node_modules\\npm\\bin\\npm-cli.js" "init"
10 error cwd D:\hexlet\projects\js_l1_brain_games-s12\bin
11 error node -v v7.3.0
12 error npm -v 1.4.9
13 verbose exit [ 1, true ]
