0 info it worked if it ends with ok
1 verbose cli [ 'C:\\Program Files\\nodejs\\node.exe',
1 verbose cli   'C:\\ProgramData\\chocolatey\\lib\\npm\\tools\\node_modules\\npm\\bin\\npm-cli.js',
1 verbose cli   'install',
1 verbose cli   '--global',
1 verbose cli   'brain-games' ]
2 info using npm@1.4.9
3 info using node@v7.3.0
4 verbose cache add [ 'brain-games', null ]
5 verbose cache add name=undefined spec="brain-games" args=["brain-games",null]
6 verbose parsed url Url {
6 verbose parsed url   protocol: null,
6 verbose parsed url   slashes: null,
6 verbose parsed url   auth: null,
6 verbose parsed url   host: null,
6 verbose parsed url   port: null,
6 verbose parsed url   hostname: null,
6 verbose parsed url   hash: null,
6 verbose parsed url   search: null,
6 verbose parsed url   query: null,
6 verbose parsed url   pathname: 'brain-games',
6 verbose parsed url   path: 'brain-games',
6 verbose parsed url   href: 'brain-games' }
7 silly lockFile 6d00f780-brain-games brain-games
8 verbose lock brain-games C:\Users\User\AppData\Roaming\npm-cache\6d00f780-brain-games.lock
9 silly lockFile 6d00f780-brain-games brain-games
10 silly lockFile 6d00f780-brain-games brain-games
11 verbose addNamed [ 'brain-games', '' ]
12 verbose addNamed [ null, '*' ]
13 silly lockFile 17884fbc-brain-games brain-games@
14 verbose lock brain-games@ C:\Users\User\AppData\Roaming\npm-cache\17884fbc-brain-games.lock
15 silly addNameRange { name: 'brain-games', range: '*', hasData: false }
16 verbose url raw brain-games
17 verbose url resolving [ 'https://registry.npmjs.org/', './brain-games' ]
18 verbose url resolved https://registry.npmjs.org/brain-games
19 info trying registry request attempt 1 at 16:25:07
20 verbose etag W/"586a299e-a90"
21 http GET https://registry.npmjs.org/brain-games
22 http 304 https://registry.npmjs.org/brain-games
23 silly registry.get cb [ 304,
23 silly registry.get   { date: 'Mon, 02 Jan 2017 11:25:08 GMT',
23 silly registry.get     via: '1.1 varnish',
23 silly registry.get     'cache-control': 'max-age=300',
23 silly registry.get     etag: 'W/"586a299e-a90"',
23 silly registry.get     age: '63',
23 silly registry.get     connection: 'close',
23 silly registry.get     'x-served-by': 'cache-bma7024-BMA',
23 silly registry.get     'x-cache': 'HIT',
23 silly registry.get     'x-cache-hits': '1',
23 silly registry.get     'x-timer': 'S1483356308.493542,VS0,VE0',
23 silly registry.get     vary: 'Accept-Encoding' } ]
24 verbose etag brain-games from cache
25 silly addNameRange number 2 { name: 'brain-games', range: '*', hasData: true }
26 silly addNameRange versions [ 'brain-games', [ '0.0.0', '0.0.1' ] ]
27 verbose addNamed [ 'brain-games', '0.0.1' ]
28 verbose addNamed [ '0.0.1', '0.0.1' ]
29 silly lockFile 97601a37-brain-games-0-0-1 brain-games@0.0.1
30 verbose lock brain-games@0.0.1 C:\Users\User\AppData\Roaming\npm-cache\97601a37-brain-games-0-0-1.lock
31 silly lockFile 97601a37-brain-games-0-0-1 brain-games@0.0.1
32 silly lockFile 97601a37-brain-games-0-0-1 brain-games@0.0.1
33 silly lockFile 17884fbc-brain-games brain-games@
34 silly lockFile 17884fbc-brain-games brain-games@
35 silly resolved [ { name: 'brain-games',
35 silly resolved     version: '0.0.1',
35 silly resolved     description: '',
35 silly resolved     bin: { 'brain-even': 'dist/bin/brain-even.js' },
35 silly resolved     scripts: { test: 'test' },
35 silly resolved     repository:
35 silly resolved      { type: 'git',
35 silly resolved        url: 'https://github.com/ula9/js_l1_brain_games-s12.git' },
35 silly resolved     keywords: [ 'brain', 'games' ],
35 silly resolved     author: { name: 'LazyCoder' },
35 silly resolved     license: 'BSD-2-Clause',
35 silly resolved     bugs: { url: 'https://github.com/ula9/js_l1_brain_games-s12/issues' },
35 silly resolved     homepage: 'https://github.com/ula9/js_l1_brain_games-s12',
35 silly resolved     main: 'index.js',
35 silly resolved     readme: '# js_l1_brain_games-12\n',
35 silly resolved     readmeFilename: 'README.md',
35 silly resolved     _id: 'brain-games@0.0.1',
35 silly resolved     _shasum: '2f196b7711659bc9c96f305c060dbe4995815ffb',
35 silly resolved     _from: 'brain-games@' } ]
36 info install brain-games@0.0.1 into C:\Program Files\nodejs
37 info installOne brain-games@0.0.1
38 info C:\Program Files\nodejs\node_modules\brain-games unbuild
39 verbose tar unpack C:\Users\User\AppData\Roaming\npm-cache\brain-games\0.0.1\package.tgz
40 silly lockFile 1464347c--nodejs-node-modules-brain-games tar://C:\Program Files\nodejs\node_modules\brain-games
41 verbose lock tar://C:\Program Files\nodejs\node_modules\brain-games C:\Users\User\AppData\Roaming\npm-cache\1464347c--nodejs-node-modules-brain-games.lock
42 silly lockFile 8a948a3a-he-brain-games-0-0-1-package-tgz tar://C:\Users\User\AppData\Roaming\npm-cache\brain-games\0.0.1\package.tgz
43 verbose lock tar://C:\Users\User\AppData\Roaming\npm-cache\brain-games\0.0.1\package.tgz C:\Users\User\AppData\Roaming\npm-cache\8a948a3a-he-brain-games-0-0-1-package-tgz.lock
44 silly gunzTarPerm modes [ '755', '644' ]
45 silly gunzTarPerm extractEntry package.json
46 silly gunzTarPerm modified mode [ 'package.json', 438, 420 ]
47 silly gunzTarPerm extractEntry README.md
48 silly gunzTarPerm modified mode [ 'README.md', 438, 420 ]
49 silly gunzTarPerm extractEntry .babelrc
50 silly gunzTarPerm modified mode [ '.babelrc', 438, 420 ]
51 silly gunzTarPerm extractEntry .eslintrc
52 silly gunzTarPerm modified mode [ '.eslintrc', 438, 420 ]
53 silly gunzTarPerm extractEntry .vagrant/machines/default/virtualbox/action_provision
54 silly gunzTarPerm modified mode [ '.vagrant/machines/default/virtualbox/action_provision',
54 silly gunzTarPerm   438,
54 silly gunzTarPerm   420 ]
55 silly gunzTarPerm extractEntry .vagrant/machines/default/virtualbox/action_set_name
56 silly gunzTarPerm modified mode [ '.vagrant/machines/default/virtualbox/action_set_name',
56 silly gunzTarPerm   438,
56 silly gunzTarPerm   420 ]
57 silly gunzTarPerm extractEntry .vagrant/machines/default/virtualbox/creator_uid
58 silly gunzTarPerm modified mode [ '.vagrant/machines/default/virtualbox/creator_uid', 438, 420 ]
59 silly gunzTarPerm extractEntry .vagrant/machines/default/virtualbox/id
60 silly gunzTarPerm modified mode [ '.vagrant/machines/default/virtualbox/id', 438, 420 ]
61 silly gunzTarPerm extractEntry .vagrant/machines/default/virtualbox/index_uuid
62 silly gunzTarPerm modified mode [ '.vagrant/machines/default/virtualbox/index_uuid', 438, 420 ]
63 silly gunzTarPerm extractEntry .vagrant/machines/default/virtualbox/private_key
64 silly gunzTarPerm modified mode [ '.vagrant/machines/default/virtualbox/private_key', 438, 420 ]
65 silly gunzTarPerm extractEntry .vagrant/machines/default/virtualbox/synced_folders
66 silly gunzTarPerm modified mode [ '.vagrant/machines/default/virtualbox/synced_folders',
66 silly gunzTarPerm   438,
66 silly gunzTarPerm   420 ]
67 silly gunzTarPerm extractEntry Vagrantfile
68 silly gunzTarPerm modified mode [ 'Vagrantfile', 438, 420 ]
69 silly gunzTarPerm extractEntry ansible.cfg
70 silly gunzTarPerm modified mode [ 'ansible.cfg', 438, 420 ]
71 silly gunzTarPerm extractEntry cm/requirements.yml
72 silly gunzTarPerm modified mode [ 'cm/requirements.yml', 438, 420 ]
73 silly gunzTarPerm extractEntry cm/vagrant.retry
74 silly gunzTarPerm modified mode [ 'cm/vagrant.retry', 438, 420 ]
75 silly gunzTarPerm extractEntry cm/vagrant.yml
76 silly gunzTarPerm modified mode [ 'cm/vagrant.yml', 438, 420 ]
77 silly gunzTarPerm extractEntry src/bin/brain-even.js
78 silly gunzTarPerm modified mode [ 'src/bin/brain-even.js', 438, 420 ]
79 silly gunzTarPerm extractEntry tmp/ansible-cached-facts/default
80 silly gunzTarPerm modified mode [ 'tmp/ansible-cached-facts/default', 438, 420 ]
81 silly gunzTarPerm extractEntry tmp/ansible-roles/angstwad.docker_ubuntu/README.md
82 silly gunzTarPerm modified mode [ 'tmp/ansible-roles/angstwad.docker_ubuntu/README.md',
82 silly gunzTarPerm   438,
82 silly gunzTarPerm   420 ]
83 silly gunzTarPerm extractEntry tmp/ansible-roles/angstwad.docker_ubuntu/LICENSE
84 silly gunzTarPerm modified mode [ 'tmp/ansible-roles/angstwad.docker_ubuntu/LICENSE', 438, 420 ]
85 silly gunzTarPerm extractEntry tmp/ansible-roles/angstwad.docker_ubuntu/handlers/main.yml
86 silly gunzTarPerm modified mode [ 'tmp/ansible-roles/angstwad.docker_ubuntu/handlers/main.yml',
86 silly gunzTarPerm   438,
86 silly gunzTarPerm   420 ]
87 silly gunzTarPerm extractEntry tmp/ansible-roles/angstwad.docker_ubuntu/Vagrantfile
88 silly gunzTarPerm modified mode [ 'tmp/ansible-roles/angstwad.docker_ubuntu/Vagrantfile',
88 silly gunzTarPerm   438,
88 silly gunzTarPerm   420 ]
89 silly gunzTarPerm extractEntry tmp/ansible-roles/angstwad.docker_ubuntu/defaults/main.yml
90 silly gunzTarPerm modified mode [ 'tmp/ansible-roles/angstwad.docker_ubuntu/defaults/main.yml',
90 silly gunzTarPerm   438,
90 silly gunzTarPerm   420 ]
91 silly gunzTarPerm extractEntry tmp/ansible-roles/angstwad.docker_ubuntu/docker.yml
92 silly gunzTarPerm modified mode [ 'tmp/ansible-roles/angstwad.docker_ubuntu/docker.yml',
92 silly gunzTarPerm   438,
92 silly gunzTarPerm   420 ]
93 silly gunzTarPerm extractEntry tmp/ansible-roles/angstwad.docker_ubuntu/.travis.yml
94 silly gunzTarPerm modified mode [ 'tmp/ansible-roles/angstwad.docker_ubuntu/.travis.yml',
94 silly gunzTarPerm   438,
94 silly gunzTarPerm   420 ]
95 silly gunzTarPerm extractEntry tmp/ansible-roles/angstwad.docker_ubuntu/hosts
96 silly gunzTarPerm modified mode [ 'tmp/ansible-roles/angstwad.docker_ubuntu/hosts', 438, 420 ]
97 silly gunzTarPerm extractEntry tmp/ansible-roles/angstwad.docker_ubuntu/meta/.galaxy_install_info
98 silly gunzTarPerm modified mode [ 'tmp/ansible-roles/angstwad.docker_ubuntu/meta/.galaxy_install_info',
98 silly gunzTarPerm   438,
98 silly gunzTarPerm   420 ]
99 silly gunzTarPerm extractEntry tmp/ansible-roles/angstwad.docker_ubuntu/meta/main.yml
100 silly gunzTarPerm modified mode [ 'tmp/ansible-roles/angstwad.docker_ubuntu/meta/main.yml',
100 silly gunzTarPerm   438,
100 silly gunzTarPerm   420 ]
101 silly gunzTarPerm extractEntry tmp/ansible-roles/angstwad.docker_ubuntu/tasks/kernel_check_and_update.yml
102 silly gunzTarPerm modified mode [ 'tmp/ansible-roles/angstwad.docker_ubuntu/tasks/kernel_check_and_update.yml',
102 silly gunzTarPerm   438,
102 silly gunzTarPerm   420 ]
103 silly gunzTarPerm extractEntry tmp/ansible-roles/angstwad.docker_ubuntu/tasks/main.yml
104 silly gunzTarPerm modified mode [ 'tmp/ansible-roles/angstwad.docker_ubuntu/tasks/main.yml',
104 silly gunzTarPerm   438,
104 silly gunzTarPerm   420 ]
105 silly gunzTarPerm extractEntry tmp/ansible-roles/angstwad.docker_ubuntu/templates/docker.conf
106 silly gunzTarPerm modified mode [ 'tmp/ansible-roles/angstwad.docker_ubuntu/templates/docker.conf',
106 silly gunzTarPerm   438,
106 silly gunzTarPerm   420 ]
107 silly gunzTarPerm extractEntry tmp/ansible-roles/angstwad.docker_ubuntu/tests/vagrant.yml
108 silly gunzTarPerm modified mode [ 'tmp/ansible-roles/angstwad.docker_ubuntu/tests/vagrant.yml',
108 silly gunzTarPerm   438,
108 silly gunzTarPerm   420 ]
109 silly lockFile 1464347c--nodejs-node-modules-brain-games tar://C:\Program Files\nodejs\node_modules\brain-games
110 silly lockFile 1464347c--nodejs-node-modules-brain-games tar://C:\Program Files\nodejs\node_modules\brain-games
111 silly lockFile 8a948a3a-he-brain-games-0-0-1-package-tgz tar://C:\Users\User\AppData\Roaming\npm-cache\brain-games\0.0.1\package.tgz
112 silly lockFile 8a948a3a-he-brain-games-0-0-1-package-tgz tar://C:\Users\User\AppData\Roaming\npm-cache\brain-games\0.0.1\package.tgz
113 info preinstall brain-games@0.0.1
114 verbose readDependencies using package.json deps
115 verbose readDependencies using package.json deps
116 silly resolved []
117 verbose about to build C:\Program Files\nodejs\node_modules\brain-games
118 info build C:\Program Files\nodejs\node_modules\brain-games
119 verbose linkStuff [ true,
119 verbose linkStuff   'C:\\Program Files\\nodejs\\node_modules',
119 verbose linkStuff   true,
119 verbose linkStuff   'C:\\Program Files\\nodejs\\node_modules' ]
120 info linkStuff brain-games@0.0.1
121 verbose linkBins brain-games@0.0.1
122 verbose link bins [ { 'brain-even': 'dist/bin/brain-even.js' },
122 verbose link bins   'C:\\Program Files\\nodejs',
122 verbose link bins   true ]
123 verbose linkMans brain-games@0.0.1
124 verbose rebuildBundles brain-games@0.0.1
125 info C:\Program Files\nodejs\node_modules\brain-games unbuild
126 info preuninstall brain-games@0.0.1
127 info uninstall brain-games@0.0.1
128 verbose true,C:\Program Files\nodejs\node_modules,C:\Program Files\nodejs\node_modules unbuild brain-games@0.0.1
129 verbose C:\Program Files\nodejs,[object Object] binRoot
130 info postuninstall brain-games@0.0.1
131 error Error: ENOENT: no such file or directory, chmod 'C:\Program Files\nodejs\node_modules\brain-games\dist\bin\brain-even.js'
132 error If you need help, you may report this *entire* log,
132 error including the npm and node versions, at:
132 error     <http://github.com/npm/npm/issues>
133 error System Windows_NT 6.1.7601
134 error command "C:\\Program Files\\nodejs\\node.exe" "C:\\ProgramData\\chocolatey\\lib\\npm\\tools\\node_modules\\npm\\bin\\npm-cli.js" "install" "--global" "brain-games"
135 error cwd D:\hexlet\projects\js_l1_brain_games-s12
136 error node -v v7.3.0
137 error npm -v 1.4.9
138 error path C:\Program Files\nodejs\node_modules\brain-games\dist\bin\brain-even.js
139 error syscall chmod
140 error code ENOENT
141 error errno -4058
142 verbose exit [ -4058, true ]
